SF:lib/models/direction.dart
DA:2,1
LF:1
LH:1
end_of_record
SF:lib/models/game_board.dart
DA:26,2
DA:36,0
DA:37,0
DA:38,0
DA:39,0
DA:40,0
DA:41,0
DA:49,1
DA:50,1
DA:54,2
DA:57,1
DA:58,4
DA:72,1
DA:73,1
DA:74,1
DA:75,1
DA:77,3
DA:79,1
DA:81,7
DA:83,1
DA:85,5
DA:87,1
DA:89,5
DA:96,1
DA:97,1
DA:98,1
DA:99,1
DA:101,3
DA:104,1
DA:106,7
DA:109,1
DA:111,5
DA:114,1
DA:116,5
DA:124,0
DA:126,0
DA:128,0
DA:129,0
DA:130,0
DA:131,0
DA:132,0
DA:140,1
DA:141,2
DA:142,2
DA:143,2
DA:146,5
DA:149,5
DA:159,1
DA:160,1
DA:161,1
DA:162,2
DA:163,5
DA:164,2
DA:166,1
DA:169,3
DA:170,3
DA:171,3
DA:172,2
DA:173,2
DA:175,1
DA:179,1
DA:181,2
DA:182,1
DA:183,3
DA:184,3
DA:185,3
DA:186,1
DA:187,1
DA:189,2
DA:190,1
DA:193,2
DA:194,2
DA:197,1
DA:208,1
DA:209,1
DA:210,1
DA:211,1
DA:212,1
DA:214,1
LF:79
LH:66
end_of_record
